<?xml version="1.0" encoding="UTF-8"?>
<!-- Generated by org.testng.reporters.JUnitXMLReporter -->
<testsuite ignored="0" hostname="MacBook-Air.local" failures="0" tests="3" name="Test" time="0.122" errors="0" timestamp="2023-08-07T11:34:16 EDT">
  <testcase classname="com.webappsecurity.zero.testscripts.Base" name="@BeforeClass openapplication" time="0.042">
    <failure type="java.lang.IllegalStateException" message="It must be an executable file: chromedriver">
      <![CDATA[java.lang.IllegalStateException: It must be an executable file: chromedriver
at org.openqa.selenium.internal.Require.stateCondition(Require.java:169)
at org.openqa.selenium.remote.service.DriverService.checkExecutable(DriverService.java:148)
at org.openqa.selenium.remote.service.DriverService.findExecutable(DriverService.java:142)
at org.openqa.selenium.chrome.ChromeDriverService.access$000(ChromeDriverService.java:39)
at org.openqa.selenium.chrome.ChromeDriverService$Builder.findDefaultExecutable(ChromeDriverService.java:233)
at org.openqa.selenium.remote.service.DriverService$Builder.build(DriverService.java:437)
at org.openqa.selenium.chrome.ChromeDriverService.createDefaultService(ChromeDriverService.java:128)
at org.openqa.selenium.chrome.ChromeDriver.<init>(ChromeDriver.java:49)
at com.webappsecurity.zero.testscripts.Base.openapplication(Base.java:18)
at java.base/java.util.ArrayList.forEach(ArrayList.java:1511)
... Removed 25 stack frames]]>
    </failure>
  </testcase> <!-- @BeforeClass openapplication -->
  <testcase classname="com.webappsecurity.zero.testscripts.Base" name="@AfterClass closeapplication" time="-1.691422456263E9">
    <skipped/>
  </testcase> <!-- @AfterClass closeapplication -->
  <testcase classname="com.webappsecurity.zero.testscripts.Base" name="@BeforeClass openapplication" time="0.003">
    <failure type="java.lang.IllegalStateException" message="It must be an executable file: chromedriver">
      <![CDATA[java.lang.IllegalStateException: It must be an executable file: chromedriver
at org.openqa.selenium.internal.Require.stateCondition(Require.java:169)
at org.openqa.selenium.remote.service.DriverService.checkExecutable(DriverService.java:148)
at org.openqa.selenium.remote.service.DriverService.findExecutable(DriverService.java:142)
at org.openqa.selenium.chrome.ChromeDriverService.access$000(ChromeDriverService.java:39)
at org.openqa.selenium.chrome.ChromeDriverService$Builder.findDefaultExecutable(ChromeDriverService.java:233)
at org.openqa.selenium.remote.service.DriverService$Builder.build(DriverService.java:437)
at org.openqa.selenium.chrome.ChromeDriverService.createDefaultService(ChromeDriverService.java:128)
at org.openqa.selenium.chrome.ChromeDriver.<init>(ChromeDriver.java:49)
at com.webappsecurity.zero.testscripts.Base.openapplication(Base.java:18)
at java.base/java.util.ArrayList.forEach(ArrayList.java:1511)
... Removed 25 stack frames]]>
    </failure>
  </testcase> <!-- @BeforeClass openapplication -->
  <testcase classname="com.webappsecurity.zero.testscripts.Base" name="@AfterClass closeapplication" time="-1.691422456278E9">
    <skipped/>
  </testcase> <!-- @AfterClass closeapplication -->
  <testcase classname="com.webappsecurity.zero.testscripts.Base" name="@BeforeClass openapplication" time="0.001">
    <failure type="java.lang.IllegalStateException" message="It must be an executable file: chromedriver">
      <![CDATA[java.lang.IllegalStateException: It must be an executable file: chromedriver
at org.openqa.selenium.internal.Require.stateCondition(Require.java:169)
at org.openqa.selenium.remote.service.DriverService.checkExecutable(DriverService.java:148)
at org.openqa.selenium.remote.service.DriverService.findExecutable(DriverService.java:142)
at org.openqa.selenium.chrome.ChromeDriverService.access$000(ChromeDriverService.java:39)
at org.openqa.selenium.chrome.ChromeDriverService$Builder.findDefaultExecutable(ChromeDriverService.java:233)
at org.openqa.selenium.remote.service.DriverService$Builder.build(DriverService.java:437)
at org.openqa.selenium.chrome.ChromeDriverService.createDefaultService(ChromeDriverService.java:128)
at org.openqa.selenium.chrome.ChromeDriver.<init>(ChromeDriver.java:49)
at com.webappsecurity.zero.testscripts.Base.openapplication(Base.java:18)
at java.base/java.util.ArrayList.forEach(ArrayList.java:1511)
... Removed 25 stack frames]]>
    </failure>
  </testcase> <!-- @BeforeClass openapplication -->
  <testcase classname="com.webappsecurity.zero.testscripts.Base" name="@AfterClass closeapplication" time="-1.691422456293E9">
    <skipped/>
  </testcase> <!-- @AfterClass closeapplication -->
  <testcase classname="com.webappsecurity.zero.testscripts.VerifyValidLoginTest" name="verifyValidLogin" time="0.0">
    <skipped/>
  </testcase> <!-- verifyValidLogin -->
  <testcase classname="com.webappsecurity.zero.testscripts.VerifyInvalidLoginTest" name="InvalidLogin" time="0.0">
    <skipped/>
  </testcase> <!-- InvalidLogin -->
  <testcase classname="com.webappsecurity.zero.testscripts.VerifyFundTransferTest" name="doFundTransfer" time="0.0">
    <skipped/>
  </testcase> <!-- doFundTransfer -->
</testsuite> <!-- Test -->
