<?xml version="1.0" encoding="UTF-8"?>
<!-- Generated by org.testng.reporters.JUnitXMLReporter -->
<testsuite ignored="0" hostname="kirupaas-MacBook-Air.local" failures="1" tests="4" name="ChromeTest" time="27.631" errors="0" timestamp="2022-10-09T19:24:17 PDT">
  <testcase classname="Demo.Multiple_validaations" name="@BeforeTest openapplication" time="0.079">
    <failure type="java.lang.IllegalStateException" message="The driver executable must exist: /Users/kirupaashankar/git/Files-to-Ubuntu/TestNg/msedgedriver.exe">
      <![CDATA[java.lang.IllegalStateException: The driver executable must exist: /Users/kirupaashankar/git/Files-to-Ubuntu/TestNg/msedgedriver.exe
at org.openqa.selenium.internal.Require$FileStateChecker.isFile(Require.java:342)
at org.openqa.selenium.remote.service.DriverService.checkExecutable(DriverService.java:147)
at org.openqa.selenium.remote.service.DriverService.findExecutable(DriverService.java:142)
at org.openqa.selenium.edge.EdgeDriverService.access$000(EdgeDriverService.java:40)
at org.openqa.selenium.edge.EdgeDriverService$Builder.findDefaultExecutable(EdgeDriverService.java:190)
at org.openqa.selenium.remote.service.DriverService$Builder.build(DriverService.java:437)
at org.openqa.selenium.edge.EdgeDriver.<init>(EdgeDriver.java:46)
at org.openqa.selenium.edge.EdgeDriver.<init>(EdgeDriver.java:42)
at Demo.Multiple_validaations.openapplication(Multiple_validaations.java:32)
at java.base/java.util.concurrent.FutureTask.run(FutureTask.java:264)
at java.base/java.util.concurrent.ThreadPoolExecutor.runWorker(ThreadPoolExecutor.java:1136)
at java.base/java.util.concurrent.ThreadPoolExecutor$Worker.run(ThreadPoolExecutor.java:635)
at java.base/java.lang.Thread.run(Thread.java:833)
... Removed 15 stack frames]]>
    </failure>
  </testcase> <!-- @BeforeTest openapplication -->
  <testcase classname="Demo.Multiple_validaations" name="@AfterTest closeapp" time="-1.665368630154E9">
    <skipped/>
  </testcase> <!-- @AfterTest closeapp -->
  <testcase classname="Demo.Multiple_validaations" name="verifypagetitle" time="0.382">
    <failure type="java.lang.AssertionError" message="expected [Monster India - Jobs - Recruitment - Job Search - Job Vacancies - Aug 2022] but found [Monster India - Jobs - Recruitment - Job Search  - Job Vacancies  - Aug 2022]">
      <![CDATA[java.lang.AssertionError: expected [Monster India - Jobs - Recruitment - Job Search - Job Vacancies - Aug 2022] but found [Monster India - Jobs - Recruitment - Job Search  - Job Vacancies  - Aug 2022]
at Demo.Multiple_validaations.verifypagetitle(Multiple_validaations.java:54)
at java.base/java.util.ArrayList.forEach(ArrayList.java:1511)
at java.base/java.util.concurrent.FutureTask.run(FutureTask.java:264)
at java.base/java.util.concurrent.ThreadPoolExecutor.runWorker(ThreadPoolExecutor.java:1136)
at java.base/java.util.concurrent.ThreadPoolExecutor$Worker.run(ThreadPoolExecutor.java:635)
at java.base/java.lang.Thread.run(Thread.java:833)
... Removed 24 stack frames]]>
    </failure>
  </testcase> <!-- verifypagetitle -->
  <testcase classname="Demo.Multiple_validaations" name="verifyText" time="0.323"/>
  <testcase classname="Demo.Multiple_validaations" name="verifylogin" time="0.369"/>
  <testcase classname="Demo.Multiple_validaations" name="verifysearchbutton" time="0.022"/>
</testsuite> <!-- ChromeTest -->
